2018-09-27__22:17:20 0 disk 94560 75512 20%
2018-09-27__22:17:20 1 / 90140 71736 17%
2018-09-27__22:17:20 1 /data 3967 3738 1%
2018-09-27__22:17:20 1 /boot 453 38 92%
2018-09-27__22:21:20 0 disk 94560 75512 20%
2018-09-27__22:21:20 1 / 90140 71736 17%
2018-09-27__22:21:20 1 /data 3967 3738 1%
2018-09-27__22:21:20 1 /boot 453 38 92%
2018-09-27__22:24:24 0 disk 94560 75512 20%
2018-09-27__22:24:24 1 / 90140 71736 17%
2018-09-27__22:24:24 1 /data 3967 3738 1%
2018-09-27__22:24:24 1 /boot 453 38 92%
2018-09-27__22:26:37 0 disk 94560 75511 20%
2018-09-27__22:26:37 1 / 90140 71735 17%
2018-09-27__22:26:37 1 /data 3967 3738 1%
2018-09-27__22:26:37 1 /boot 453 38 92%
2018-09-27__22:30:13 0 disk 94560 75511 20%
2018-09-27__22:30:13 1 / 90140 71735 17%
2018-09-27__22:30:13 1 /data 3967 3738 1%
2018-09-27__22:30:13 1 /boot 453 38 92%
2018-09-27__22:32:02 0 disk 94560 75511 20%
2018-09-27__22:32:02 1 / 90140 71735 17%
2018-09-27__22:32:02 1 /data 3967 3738 1%
2018-09-27__22:32:02 1 /boot 453 38 92%
2018-09-27__22:35:36 0 disk 94560 75511 20%
2018-09-27__22:35:36 1 / 90140 71735 17%
2018-09-27__22:35:36 1 /data 3967 3738 1%
2018-09-27__22:35:36 1 /boot 453 38 92%
